2023-12-24 20:25:27,057 DEBUG r.s.a.DataProviderCsv [main] DataProviderCsv [1]: initialization
2023-12-24 20:25:27,071 DEBUG r.s.u.FileUtil [main] createFolderIfNotExists [1]: New folder /home/mike/study/sfedu/Архитектура Информационных систем/imp/recruitmentSystem/prj/recruitmentSystem/src/test/testFolder/testActualDataFolder/csv, is created: true
2023-12-24 20:25:27,084 DEBUG r.s.a.DataProviderCsv [main] savePerson [1]: obj = User{id = 0, name = Mike, email = null, phone = null, address = zorge 28/2}
2023-12-24 20:25:27,084 DEBUG r.s.a.DataProviderCsv [main] getId [1]: gettind id, pathToCsv = src/test/testFolder/testActualDataFolder/csv/client.csv
2023-12-24 20:25:27,085 DEBUG r.s.a.DataProviderCsv [main] getId [4]: creating first record
2023-12-24 20:25:27,154 DEBUG r.s.a.DataProviderCsv [main] savePerson [2]: object saved succesfully
2023-12-24 20:25:27,162 DEBUG r.s.u.LogicService [main] LogicService [1]: init logic service
2023-12-24 20:25:27,162 DEBUG r.s.u.LogicService [main] resumeRegistration [1]: registration new resume
2023-12-24 20:25:27,162 DEBUG r.s.u.LogicService [main] validateResume [1]: validation resume
2023-12-24 20:25:27,163 DEBUG r.s.a.DataProviderCsv [main] getClient [1]: id = 1
2023-12-24 20:25:27,198 DEBUG r.s.u.LogicService [main] resumeRegistration [2]: saving new resume, resume = Resume{id = 0, clientId = 1, city = rostov, profession = developer}
2023-12-24 20:25:27,198 DEBUG r.s.a.DataProviderCsv [main] saveResume [1]: obj = Resume{id = 0, clientId = 1, city = rostov, profession = developer}
2023-12-24 20:25:27,199 DEBUG r.s.a.DataProviderCsv [main] getId [1]: gettind id, pathToCsv = src/test/testFolder/testActualDataFolder/csv/resume.csv
2023-12-24 20:25:27,199 DEBUG r.s.a.DataProviderCsv [main] getId [4]: creating first record
2023-12-24 20:25:27,210 DEBUG r.s.a.DataProviderCsv [main] saveResume [2]: object saved succesfully
2023-12-24 20:25:27,211 DEBUG r.s.u.LogicService [main] resumeRegistration [3]: save resume result - OK
2023-12-24 20:25:27,211 DEBUG r.s.a.DataProviderCsv [main] getAllResumes [1]: getting all record from = src/test/testFolder/testActualDataFolder/csv/resume.csv
2023-12-24 20:25:27,229 DEBUG r.s.u.FileUtil [main] deleteFileOrFolderIfExists [1]: Folder of file /home/mike/study/sfedu/Архитектура Информационных систем/imp/recruitmentSystem/prj/recruitmentSystem/src/test/testFolder/testActualDataFolder/csv/client.csv, is deleted: true
2023-12-24 20:25:27,230 DEBUG r.s.u.FileUtil [main] deleteFileOrFolderIfExists [2]: Folder or file /home/mike/study/sfedu/Архитектура Информационных систем/imp/recruitmentSystem/prj/recruitmentSystem/src/test/testFolder/testActualDataFolder/csv/company.csv is not exists
2023-12-24 20:25:27,230 DEBUG r.s.u.FileUtil [main] deleteFileOrFolderIfExists [2]: Folder or file /home/mike/study/sfedu/Архитектура Информационных систем/imp/recruitmentSystem/prj/recruitmentSystem/src/test/testFolder/testActualDataFolder/csv/employee.csv is not exists
2023-12-24 20:25:27,231 DEBUG r.s.u.FileUtil [main] deleteFileOrFolderIfExists [1]: Folder of file /home/mike/study/sfedu/Архитектура Информационных систем/imp/recruitmentSystem/prj/recruitmentSystem/src/test/testFolder/testActualDataFolder/csv/resume.csv, is deleted: true
2023-12-24 20:25:27,231 DEBUG r.s.u.FileUtil [main] deleteFileOrFolderIfExists [2]: Folder or file /home/mike/study/sfedu/Архитектура Информационных систем/imp/recruitmentSystem/prj/recruitmentSystem/src/test/testFolder/testActualDataFolder/csv/separateQual.csv is not exists
2023-12-24 20:25:27,232 DEBUG r.s.u.FileUtil [main] deleteFileOrFolderIfExists [2]: Folder or file /home/mike/study/sfedu/Архитектура Информационных систем/imp/recruitmentSystem/prj/recruitmentSystem/src/test/testFolder/testActualDataFolder/csv/vacancy.csv is not exists
2023-12-24 20:25:27,233 DEBUG r.s.u.FileUtil [main] deleteFileOrFolderIfExists [1]: Folder of file /home/mike/study/sfedu/Архитектура Информационных систем/imp/recruitmentSystem/prj/recruitmentSystem/src/test/testFolder/testActualDataFolder/csv, is deleted: true
2023-12-24 20:25:41,676 DEBUG r.s.a.DataProviderH2 [main] createTables[1]: creating tables for h2 data base
2023-12-24 20:25:41,677 DEBUG r.s.a.DataProviderH2 [main] getConnection[1]: getting connect to h2 data base
2023-12-24 20:25:43,022 DEBUG r.s.a.DataProviderH2 [main] createTables[2]: created client table
2023-12-24 20:25:43,029 DEBUG r.s.a.DataProviderH2 [main] createTables[3]: created company table
2023-12-24 20:25:43,047 DEBUG r.s.a.DataProviderH2 [main] createTables[4]: created employee table
2023-12-24 20:25:43,058 DEBUG r.s.a.DataProviderH2 [main] createTables[5]: created resume table
2023-12-24 20:25:43,070 DEBUG r.s.a.DataProviderH2 [main] createTables[6]: created vacancy table
2023-12-24 20:25:43,083 DEBUG r.s.a.DataProviderH2 [main] createTables[7]: created separate quality table
2023-12-24 20:25:58,902 DEBUG r.s.a.DataProviderH2 [main] savePerson [1]: saving record of person, person = User{id = 0, name = Mike, email = null, phone = null, address = zorge 28/2}
2023-12-24 20:25:58,922 DEBUG r.s.a.DataProviderH2 [main] getConnection[1]: getting connect to h2 data base
2023-12-24 20:25:59,649 DEBUG r.s.a.DataProviderH2 [main] savePerson [2]: saved successful
2023-12-24 20:26:24,160 DEBUG r.s.u.LogicService [main] LogicService [1]: init logic service
2023-12-24 20:26:29,723 DEBUG r.s.u.LogicService [main] resumeRegistration [1]: registration new resume
2023-12-24 20:26:29,732 DEBUG r.s.u.LogicService [main] validateResume [1]: validation resume
2023-12-24 20:26:29,740 DEBUG r.s.a.DataProviderH2 [main] getClient [1]: gettind client by id, id = 1
2023-12-24 20:26:29,749 DEBUG r.s.a.DataProviderH2 [main] getConnection[1]: getting connect to h2 data base
2023-12-24 20:26:30,971 DEBUG r.s.u.LogicService [main] resumeRegistration [2]: saving new resume, resume = Resume{id = 0, clientId = 1, city = rostov, profession = developer}
2023-12-24 20:26:30,984 DEBUG r.s.a.DataProviderH2 [main] saveResume [1]: saving resume, resume = Resume{id = 0, clientId = 1, city = rostov, profession = developer}
2023-12-24 20:26:30,996 DEBUG r.s.a.DataProviderH2 [main] getConnection[1]: getting connect to h2 data base
2023-12-24 20:26:31,636 DEBUG r.s.a.DataProviderH2 [main] saveResume [2]: saved successful
2023-12-24 20:26:32,046 DEBUG r.s.u.LogicService [main] resumeRegistration [3]: save resume result - OK
2023-12-24 20:26:33,965 DEBUG r.s.a.DataProviderH2 [main] getAllResumes [1]: getting all record resume
2023-12-24 20:26:33,974 DEBUG r.s.a.DataProviderH2 [main] getConnection[1]: getting connect to h2 data base
